<?xml version="1.0" encoding="UTF-8" standalone="yes" ?>
<test-results name="I:\Theatrical-Players-Refactoring-Kata\delphi\test\Win32\Release\TestTheatricalPlayers.exe" total="3" errors="0" failures="1" ignored="0" inconclusive="0" not-run="0" skipped="0" invalid="0" date="2024-03-20" time="0.065">
  <culture-info current-culture="en" current-uiculture="en" />
  <test-suite type="Assembly" name="TestTheatricalPlayers.exe" executed="true" result="Failure" success="False" time="0.065" asserts="0">
    <results>
        <test-suite type="Namespace" name="uTestStatementPrinter" executed="true" result="Failure" success="False" time="0.063" asserts="0" >
          <results>
              <test-suite type="Fixture" name="TTestStatementPrinter" executed="True" result="Failure" success="False" time="0.063" >
                <results>
                  <test-case name="TestTragedy" executed="True" result="Failure" success="False" time="0.047" asserts="0" >
                    <failure>
                      <message>
                        <![CDATA[ [  Statement for BigCo
  Hamlet: $650.00 (55 seats)
  Amount owed is $650.00
  You earned 36 credits] erwartet, aber [Statement for BigCo
  Hamlet: 650 (55 seats)
Amount owed is 650
You earned 25 credits
]  erhalten ]]>
                      </message>
                      <stack-trace>
                        <![CDATA[  ]]>
                      </stack-trace>
                    </failure>
                  </test-case>
                  <test-case name="Test2.TestA" executed="True" result="Success" success="True" time="0.000" asserts="0" />
                  <test-case name="Test2.TestB" executed="True" result="Success" success="True" time="0.000" asserts="0" />
                </results>
              </test-suite>
          </results>
        </test-suite>
    </results>
  </test-suite>
</test-results>
